Flow report for ECE316Assignment4
Fri Mar 10 12:56:17 2023
Quartus Prime Version 21.1.0 Build 842 10/21/2021 SJ Lite Edition


---------------------
; Table of Contents ;
---------------------
  1. Legal Notice
  2. Flow Summary
  3. Flow Settings
  4. Flow Non-Default Global Settings
  5. Flow Elapsed Time
  6. Flow OS Summary
  7. Flow Log
  8. Flow Messages
  9. Flow Suppressed Messages



----------------
; Legal Notice ;
----------------
Copyright (C) 2021  Intel Corporation. All rights reserved.
Your use of Intel Corporation's design tools, logic functions 
and other software and tools, and any partner logic 
functions, and any output files from any of the foregoing 
(including device programming or simulation files), and any 
associated documentation or information are expressly subject 
to the terms and conditions of the Intel Program License 
Subscription Agreement, the Intel Quartus Prime License Agreement,
the Intel FPGA IP License Agreement, or other applicable license
agreement, including, without limitation, that your use is for
the sole purpose of programming logic devices manufactured by
Intel and sold by Intel or its authorized distributors.  Please
refer to the applicable agreement for further details, at
https://fpgasoftware.intel.com/eula.



+-------------------------------------------------------------------------------+
; Flow Summary                                                                  ;
+---------------------------------+---------------------------------------------+
; Flow Status                     ; Successful - Fri Mar 10 12:56:11 2023       ;
; Quartus Prime Version           ; 21.1.0 Build 842 10/21/2021 SJ Lite Edition ;
; Revision Name                   ; ECE316Assignment4                           ;
; Top-level Entity Name           ; elevator                                    ;
; Family                          ; Cyclone V                                   ;
; Device                          ; 5CSEMA5F31C6                                ;
; Timing Models                   ; Final                                       ;
; Logic utilization (in ALMs)     ; 10 / 32,070 ( < 1 % )                       ;
; Total registers                 ; 6                                           ;
; Total pins                      ; 19 / 457 ( 4 % )                            ;
; Total virtual pins              ; 0                                           ;
; Total block memory bits         ; 0 / 4,065,280 ( 0 % )                       ;
; Total DSP Blocks                ; 0 / 87 ( 0 % )                              ;
; Total HSSI RX PCSs              ; 0                                           ;
; Total HSSI PMA RX Deserializers ; 0                                           ;
; Total HSSI TX PCSs              ; 0                                           ;
; Total HSSI PMA TX Serializers   ; 0                                           ;
; Total PLLs                      ; 0 / 6 ( 0 % )                               ;
; Total DLLs                      ; 0 / 4 ( 0 % )                               ;
+---------------------------------+---------------------------------------------+


+-----------------------------------------+
; Flow Settings                           ;
+-------------------+---------------------+
; Option            ; Setting             ;
+-------------------+---------------------+
; Start date & time ; 03/10/2023 12:54:59 ;
; Main task         ; Compilation         ;
; Revision Name     ; ECE316Assignment4   ;
+-------------------+---------------------+


+-----------------------------------------------------------------------------------------------------------------------------+
; Flow Non-Default Global Settings                                                                                            ;
+-------------------------------------+----------------------------------------+-------------------+-------------+------------+
; Assignment Name                     ; Value                                  ; Default Value     ; Entity Name ; Section Id ;
+-------------------------------------+----------------------------------------+-------------------+-------------+------------+
; COMPILER_SIGNATURE_ID               ; 5311875698778.167847089900304          ; --                ; --          ; --         ;
; MAX_CORE_JUNCTION_TEMP              ; 85                                     ; --                ; --          ; --         ;
; MIN_CORE_JUNCTION_TEMP              ; 0                                      ; --                ; --          ; --         ;
; PARTITION_COLOR                     ; -- (Not supported for targeted family) ; --                ; elevator    ; Top        ;
; PARTITION_FITTER_PRESERVATION_LEVEL ; -- (Not supported for targeted family) ; --                ; elevator    ; Top        ;
; PARTITION_NETLIST_TYPE              ; -- (Not supported for targeted family) ; --                ; elevator    ; Top        ;
; POWER_BOARD_THERMAL_MODEL           ; None (CONSERVATIVE)                    ; --                ; --          ; --         ;
; POWER_PRESET_COOLING_SOLUTION       ; 23 MM HEAT SINK WITH 200 LFPM AIRFLOW  ; --                ; --          ; --         ;
; PROJECT_OUTPUT_DIRECTORY            ; output_files                           ; --                ; --          ; --         ;
; TOP_LEVEL_ENTITY                    ; elevator                               ; ECE316Assignment4 ; --          ; --         ;
+-------------------------------------+----------------------------------------+-------------------+-------------+------------+


+--------------------------------------------------------------------------------------------------------------------------+
; Flow Elapsed Time                                                                                                        ;
+----------------------+--------------+-------------------------+---------------------+------------------------------------+
; Module Name          ; Elapsed Time ; Average Processors Used ; Peak Virtual Memory ; Total CPU Time (on all processors) ;
+----------------------+--------------+-------------------------+---------------------+------------------------------------+
; Analysis & Synthesis ; 00:00:14     ; 1.0                     ; 4912 MB             ; 00:00:18                           ;
; Fitter               ; 00:00:49     ; 1.0                     ; 6928 MB             ; 00:01:19                           ;
; Assembler            ; 00:00:07     ; 1.0                     ; 4878 MB             ; 00:00:06                           ;
; Timing Analyzer      ; 00:00:05     ; 1.1                     ; 5171 MB             ; 00:00:04                           ;
; Total                ; 00:01:15     ; --                      ; --                  ; 00:01:47                           ;
+----------------------+--------------+-------------------------+---------------------+------------------------------------+


+------------------------------------------------------------------------------------+
; Flow OS Summary                                                                    ;
+----------------------+------------------+------------+------------+----------------+
; Module Name          ; Machine Hostname ; OS Name    ; OS Version ; Processor type ;
+----------------------+------------------+------------+------------+----------------+
; Analysis & Synthesis ; LAPTOP-2N64JG98  ; Windows 10 ; 10.0       ; x86_64         ;
; Fitter               ; LAPTOP-2N64JG98  ; Windows 10 ; 10.0       ; x86_64         ;
; Assembler            ; LAPTOP-2N64JG98  ; Windows 10 ; 10.0       ; x86_64         ;
; Timing Analyzer      ; LAPTOP-2N64JG98  ; Windows 10 ; 10.0       ; x86_64         ;
+----------------------+------------------+------------+------------+----------------+


------------
; Flow Log ;
------------
quartus_map --read_settings_files=on --write_settings_files=off ECE316Assignment4 -c ECE316Assignment4
quartus_fit --read_settings_files=off --write_settings_files=off ECE316Assignment4 -c ECE316Assignment4
quartus_asm --read_settings_files=off --write_settings_files=off ECE316Assignment4 -c ECE316Assignment4
quartus_sta ECE316Assignment4 -c ECE316Assignment4



